<?xml version="1.0" encoding="UTF-8"?>
<!-- Generated by org.testng.reporters.JUnitXMLReporter -->
<testsuite hostname="Acer" ignored="0" name="Command line test" tests="2" failures="1" timestamp="2020-10-04T17:38:35 IST" time="99.981" errors="0">
  <testcase name="QAAgile" time="26.173" classname="Maps.GoogleMapsTest">
    <failure type="java.lang.AssertionError" message="did not expect to find [true] but found [false]">
      <![CDATA[java.lang.AssertionError: did not expect to find [true] but found [false]
at Maps.GoogleMapsTest.QAAgile(GoogleMapsTest.java:112)
at java.util.ArrayList.forEach(ArrayList.java:1259)
... Removed 40 stack frames]]>
    </failure>
  </testcase> <!-- QAAgile -->
  <testcase name="test" time="67.224" classname="Maps.GoogleMapsTest"/>
</testsuite> <!-- Command line test -->
